<?xml version="1.0" encoding="UTF-8"?>
<!-- Generated by org.testng.reporters.JUnitReportReporter -->
<testsuite hostname="LAPTOP-RG2DJRNT" failures="0" tests="4" name="runner.runnerTestNG" time="22.624" errors="0" timestamp="2025-04-02T10:19:02 IST" skipped="0">
  <testcase classname="runner.runnerTestNG" name="runScenario" time="2.746"/>
  <testcase classname="runner.runnerTestNG" name="runScenario" time="14.053"/>
  <testcase classname="runner.runnerTestNG" name="runScenario" time="3.022"/>
  <testcase classname="runner.runnerTestNG" name="runScenario" time="2.803"/>
</testsuite> <!-- runner.runnerTestNG -->
