<?xml version="1.0" encoding="UTF-8"?>
<!-- Generated by org.testng.reporters.JUnitReportReporter -->
<testsuite hostname="LAPTOP-RG2DJRNT" failures="0" tests="3" name="runner.runnerTestNG" time="11.082" errors="0" timestamp="2025-04-02T16:47:25 IST" skipped="0">
  <testcase classname="runner.runnerTestNG" name="runScenario" time="3.313"/>
  <testcase classname="runner.runnerTestNG" name="runScenario" time="3.413"/>
  <testcase classname="runner.runnerTestNG" name="runScenario" time="4.356"/>
</testsuite> <!-- runner.runnerTestNG -->
