<?xml version="1.0" encoding="UTF-8"?>
<!-- Generated by org.testng.reporters.JUnitReportReporter -->
<testsuite hostname="LAPTOP-RG2DJRNT" failures="0" tests="4" name="runner.runnerTestNG" time="9.898" errors="0" timestamp="2025-04-01T22:17:18 IST" skipped="0">
  <testcase classname="runner.runnerTestNG" name="runScenario" time="1.853"/>
  <testcase classname="runner.runnerTestNG" name="runScenario" time="1.767"/>
  <testcase classname="runner.runnerTestNG" name="runScenario" time="4.557"/>
  <testcase classname="runner.runnerTestNG" name="runScenario" time="1.721"/>
</testsuite> <!-- runner.runnerTestNG -->
