<?xml version="1.0" encoding="UTF-8"?>
<!-- Generated by org.testng.reporters.JUnitReportReporter -->
<testsuite hostname="LAPTOP-RG2DJRNT" failures="0" tests="4" name="runner.runnerTestNG" time="23.002" errors="0" timestamp="2025-04-02T13:18:23 IST" skipped="0">
  <testcase classname="runner.runnerTestNG" name="runScenario" time="8.103"/>
  <testcase classname="runner.runnerTestNG" name="runScenario" time="4.013"/>
  <testcase classname="runner.runnerTestNG" name="runScenario" time="5.326"/>
  <testcase classname="runner.runnerTestNG" name="runScenario" time="5.560"/>
</testsuite> <!-- runner.runnerTestNG -->
