<?xml version="1.0" encoding="UTF-8"?>
<!-- Generated by org.testng.reporters.JUnitReportReporter -->
<testsuite hostname="LAPTOP-RG2DJRNT" failures="0" tests="1" name="runner.runnerTestNG" time="8.966" errors="0" timestamp="2025-04-01T21:21:26 IST" skipped="0">
  <testcase classname="runner.runnerTestNG" name="runScenario" time="8.966"/>
</testsuite> <!-- runner.runnerTestNG -->
