<?xml version="1.0" encoding="UTF-8"?>
<!-- Generated by org.testng.reporters.JUnitReportReporter -->
<testsuite hostname="LAPTOP-RG2DJRNT" failures="0" tests="2" name="runner.runnerTestNG" time="15.430" errors="0" timestamp="2025-04-03T12:04:38 IST" skipped="0">
  <testcase classname="runner.runnerTestNG" name="runScenario" time="7.456"/>
  <testcase classname="runner.runnerTestNG" name="runScenario" time="7.974"/>
</testsuite> <!-- runner.runnerTestNG -->
